<?xml version="1.0" encoding="UTF-8"?>
<!-- Generated by org.testng.reporters.JUnitXMLReporter -->
<testsuite hostname="YP1009324LT" ignored="0" name="Default test" tests="3" failures="0" timestamp="2020-05-03T09:51:18 IST" time="44.62" errors="0">
  <testcase name="testLoginFunctionality" time="7.687" classname="com.orange.testcases.LoginPageTest"/>
  <testcase name="testPageLogoPresence" time="0.253" classname="com.orange.testcases.LoginPageTest"/>
  <testcase name="testPageTitle" time="0.022" classname="com.orange.testcases.LoginPageTest"/>
</testsuite> <!-- Default test -->
