<?xml version="1.0" encoding="UTF-8"?>
<!-- Generated by org.testng.reporters.JUnitXMLReporter -->
<testsuite hostname="YP1009324LT" ignored="0" name="Test" tests="6" failures="0" timestamp="2020-04-04T13:27:54 IST" time="119.376" errors="0">
  <testcase name="testLoginFunctionality" time="7.455" classname="com.orange.testcases.LoginPageTest"/>
  <testcase name="testPageLogoPresence" time="0.264" classname="com.orange.testcases.LoginPageTest"/>
  <testcase name="testPageTitle" time="0.032" classname="com.orange.testcases.LoginPageTest"/>
  <testcase name="testDashboardLabelPresence" time="1.911" classname="com.orange.testcases.HomePageTest"/>
  <testcase name="testWelcomeLabelPresence" time="1.385" classname="com.orange.testcases.HomePageTest"/>
  <testcase name="testLogoutFunctionaliy" time="3.389" classname="com.orange.testcases.HomePageTest"/>
</testsuite> <!-- Test -->
