<?xml version="1.0" encoding="UTF-8"?>
<testng-results skipped="0" failed="0" ignored="0" total="1" passed="1">
  <reporter-output>
  </reporter-output>
  <suite name="End to End Suite" duration-ms="27396" started-at="2020-05-23T20:08:39 IST" finished-at="2020-05-23T20:09:07 IST">
    <groups>
    </groups>
    <test name="Chrome" duration-ms="27396" started-at="2020-05-23T20:08:39 IST" finished-at="2020-05-23T20:09:07 IST">
      <class name="com.orange.testcases.HomePageTest">
        <test-method status="PASS" signature="initTestSuite()[pri:0, instance:com.orange.testcases.HomePageTest@7ff2a664]" name="initTestSuite" is-config="true" duration-ms="141" started-at="2020-05-23T20:08:39 IST" finished-at="2020-05-23T20:08:39 IST">
          <reporter-output>
          </reporter-output>
        </test-method> <!-- initTestSuite -->
        <test-method status="PASS" signature="initWebDriver(java.lang.String, java.lang.reflect.Method)[pri:0, instance:com.orange.testcases.HomePageTest@7ff2a664]" name="initWebDriver" is-config="true" duration-ms="11321" started-at="2020-05-23T20:08:39 IST" finished-at="2020-05-23T20:08:51 IST">
          <params>
            <param index="0">
              <value>
                <![CDATA[Chrome]]>
              </value>
            </param>
            <param index="1">
              <value>
                <![CDATA[public static void com.orange.testcases.HomePageTest.test_dashboard(com.orange.base.InputEnvironmentDetails,com.orange.base.InputTestDetails)]]>
              </value>
            </param>
          </params>
          <reporter-output>
          </reporter-output>
        </test-method> <!-- initWebDriver -->
        <test-method status="PASS" signature="test_dashboard(com.orange.base.InputEnvironmentDetails, com.orange.base.InputTestDetails)[pri:0, instance:com.orange.testcases.HomePageTest@7ff2a664]" name="test_dashboard" duration-ms="11497" started-at="2020-05-23T20:08:51 IST" data-provider="TEST_DATA_PROVIDER" finished-at="2020-05-23T20:09:02 IST">
          <params>
            <param index="0">
              <value>
                <![CDATA[com.orange.base.InputEnvironmentDetails@451414e8]]>
              </value>
            </param>
            <param index="1">
              <value>
                <![CDATA[com.orange.base.InputTestDetails@54217406]]>
              </value>
            </param>
          </params>
          <reporter-output>
          </reporter-output>
        </test-method> <!-- test_dashboard -->
        <test-method status="PASS" signature="tearDown(org.testng.ITestResult, java.lang.String)[pri:0, instance:com.orange.testcases.HomePageTest@7ff2a664]" name="tearDown" is-config="true" duration-ms="4531" started-at="2020-05-23T20:09:02 IST" finished-at="2020-05-23T20:09:07 IST">
          <params>
            <param index="0">
              <value>
                <![CDATA[[TestResult name=test_dashboard status=SUCCESS method=HomePageTest.test_dashboard(com.orange.base.InputEnvironmentDetails, com.orange.base.InputTestDetails)[pri:0, instance:com.orange.testcases.HomePageTest@7ff2a664] output={null}]]]>
              </value>
            </param>
            <param index="1">
              <value>
                <![CDATA[Chrome]]>
              </value>
            </param>
          </params>
          <reporter-output>
          </reporter-output>
        </test-method> <!-- tearDown -->
        <test-method status="PASS" signature="endSuite()[pri:0, instance:com.orange.testcases.HomePageTest@7ff2a664]" name="endSuite" is-config="true" duration-ms="5999" started-at="2020-05-23T20:09:07 IST" finished-at="2020-05-23T20:09:13 IST">
          <reporter-output>
          </reporter-output>
        </test-method> <!-- endSuite -->
      </class> <!-- com.orange.testcases.HomePageTest -->
    </test> <!-- Chrome -->
  </suite> <!-- End to End Suite -->
</testng-results>
