<?xml version="1.0" encoding="UTF-8"?>
<!-- Generated by org.testng.reporters.JUnitXMLReporter -->
<testsuite hostname="YP1009324LT" ignored="0" name="Chrome" tests="1" failures="1" timestamp="2020-06-14T22:16:18 IST" time="146.638" errors="0">
  <testcase name="test_checkEmpId" time="131.684" classname="com.orange.testcases.PIM_EmployeeListTest">
    <failure type="java.lang.RuntimeException" message="Expected condition failed: waiting for visibility of Proxy element for: DefaultElementLocator &amp;apos;By.xpath: //span[text()=&amp;apos;Should be within Min/Max values&amp;apos;]&amp;apos; (tried for 50 second(s) with 500 milliseconds interval)">
      <![CDATA[java.lang.RuntimeException: Expected condition failed: waiting for visibility of Proxy element for: DefaultElementLocator 'By.xpath: //span[text()='Should be within Min/Max values']' (tried for 50 second(s) with 500 milliseconds interval)
at com.orange.base.CommonFunctions.waitForElement(CommonFunctions.java:803)
at com.orange.pages.PIM_EmployeeList.minMaxValidationMsgVisibility(PIM_EmployeeList.java:125)
at com.orange.testcases.PIM_EmployeeListTest.test_checkEmpId(PIM_EmployeeListTest.java:65)
at java.util.concurrent.ThreadPoolExecutor.runWorker(Unknown Source)
at java.util.concurrent.ThreadPoolExecutor$Worker.run(Unknown Source)
at java.lang.Thread.run(Unknown Source)
... Removed 12 stack frames]]>
    </failure>
  </testcase> <!-- test_checkEmpId -->
</testsuite> <!-- Chrome -->
