<?xml version="1.0" encoding="UTF-8"?>
<!-- Generated by org.testng.reporters.JUnitXMLReporter -->
<testsuite hostname="YP1009324LT" ignored="4" name="Firefox" tests="4" failures="4" timestamp="2020-06-07T09:14:01 IST" time="0.339" errors="0">
  <testcase name="test_searchAdmin" time="0.011" classname="com.orange.testcases.AdminPageTest">
    <failure type="java.lang.NullPointerException">
      <![CDATA[java.lang.NullPointerException
at com.orange.base.FunctionalMethods.openPortal(FunctionalMethods.java:21)
at com.orange.testcases.AdminPageTest.test_searchAdmin(AdminPageTest.java:28)
at java.util.concurrent.ThreadPoolExecutor.runWorker(Unknown Source)
at java.util.concurrent.ThreadPoolExecutor$Worker.run(Unknown Source)
at java.lang.Thread.run(Unknown Source)
... Removed 12 stack frames]]>
    </failure>
  </testcase> <!-- test_searchAdmin -->
  <testcase name="test_visiblityOfAdminSubTabs" time="0.0" classname="com.orange.testcases.AdminPageTest">
    <failure type="java.lang.NullPointerException">
      <![CDATA[java.lang.NullPointerException
at com.orange.base.FunctionalMethods.openPortal(FunctionalMethods.java:21)
at com.orange.testcases.AdminPageTest.test_visiblityOfAdminSubTabs(AdminPageTest.java:56)
at java.util.concurrent.ThreadPoolExecutor.runWorker(Unknown Source)
at java.util.concurrent.ThreadPoolExecutor$Worker.run(Unknown Source)
at java.lang.Thread.run(Unknown Source)
... Removed 12 stack frames]]>
    </failure>
  </testcase> <!-- test_visiblityOfAdminSubTabs -->
  <testcase name="test_validationMsgs" time="0.0" classname="com.orange.testcases.RecruitmentPageTest">
    <failure type="java.lang.NullPointerException">
      <![CDATA[java.lang.NullPointerException
at com.orange.base.FunctionalMethods.openPortal(FunctionalMethods.java:21)
at com.orange.testcases.RecruitmentPageTest.test_validationMsgs(RecruitmentPageTest.java:32)
at java.util.concurrent.ThreadPoolExecutor.runWorker(Unknown Source)
at java.util.concurrent.ThreadPoolExecutor$Worker.run(Unknown Source)
at java.lang.Thread.run(Unknown Source)
... Removed 12 stack frames]]>
    </failure>
  </testcase> <!-- test_validationMsgs -->
  <testcase name="test_dashboard" time="0.0" classname="com.orange.testcases.HomePageTest">
    <failure type="java.lang.NullPointerException">
      <![CDATA[java.lang.NullPointerException
at com.orange.base.FunctionalMethods.openPortal(FunctionalMethods.java:21)
at com.orange.testcases.HomePageTest.test_dashboard(HomePageTest.java:35)
at java.util.concurrent.ThreadPoolExecutor.runWorker(Unknown Source)
at java.util.concurrent.ThreadPoolExecutor$Worker.run(Unknown Source)
at java.lang.Thread.run(Unknown Source)
... Removed 12 stack frames]]>
    </failure>
  </testcase> <!-- test_dashboard -->
  <testcase name="@BeforeSuite initTestSuite" time="0.0" classname="com.orange.base.CoreTestCase">
    <ignored/>
  </testcase> <!-- @BeforeSuite initTestSuite -->
  <testcase name="@BeforeSuite initTestSuite" time="0.0" classname="com.orange.base.CoreTestCase">
    <ignored/>
  </testcase> <!-- @BeforeSuite initTestSuite -->
  <testcase name="@AfterSuite endSuite" time="0.0" classname="com.orange.base.CoreTestCase">
    <ignored/>
  </testcase> <!-- @AfterSuite endSuite -->
  <testcase name="@AfterSuite endSuite" time="0.0" classname="com.orange.base.CoreTestCase">
    <ignored/>
  </testcase> <!-- @AfterSuite endSuite -->
</testsuite> <!-- Firefox -->
